<?xml version="1.0" encoding="UTF-8"?>
<!-- Generated by org.testng.reporters.JUnitReportReporter -->
<testsuite skipped="0" hostname="DESKTOP-545D5VP" name="Extent.ExtentReportDemo.ExtentReportSingleclassDemo" tests="1" failures="0" timestamp="2021-11-03T13:42:12 IST" time="11.445" errors="0">
  <testcase name="initialDemo" time="11.445" classname="Extent.ExtentReportDemo.ExtentReportSingleclassDemo"/>
  <system-out/>
</testsuite> <!-- Extent.ExtentReportDemo.ExtentReportSingleclassDemo -->
