<?xml version="1.0" encoding="UTF-8"?>
<!-- Generated by org.testng.reporters.JUnitReportReporter -->
<testsuite skipped="0" hostname="DESKTOP-545D5VP" name="Extent.ExtentReportDemo.FaceBookLogoTest" tests="1" failures="0" timestamp="2021-11-12T13:26:47 IST" time="21.629" errors="0">
  <testcase name="validateFaceBookLogo" time="21.629" classname="Extent.ExtentReportDemo.FaceBookLogoTest"/>
  <system-out/>
</testsuite> <!-- Extent.ExtentReportDemo.FaceBookLogoTest -->
